Build started 8/9/2016 8:45:12 PM.
     1>Project "E:\OpticalFlowTrackers-FinalProjectBrownsvilleTeam\LKTTracker\LKTTracker\LKTTracker.vcxproj" on node 2 (Build target(s)).
     1>ClCompile:
         C:\Program Files (x86)\Microsoft Visual Studio 14.0\VC\bin\x86_amd64\CL.exe /c /I"E:\opencv-3.1.0\opencv\install\x64\vc14\..\..\include" /Zi /nologo /W3 /WX- /sdl /O2 /Oi /GL /D WIN32 /D NDEBUG /D _CONSOLE /D _LIB /D _UNICODE /D UNICODE /Gm- /EHsc /MD /GS /Gy /fp:precise /Zc:wchar_t /Zc:forScope /Zc:inline /Fo"x64\Release\\" /Fd"x64\Release\vc140.pdb" /Gd /TP /errorReport:prompt Source.cpp
         Source.cpp
     1>e:\opticalflowtrackers-finalprojectbrownsvilleteam\lkttracker\lkttracker\SIFT.h(219): warning C4267: 'initializing': conversion from 'size_t' to 'long', possible loss of data
     1>e:\opticalflowtrackers-finalprojectbrownsvilleteam\lkttracker\lkttracker\SIFT.h(243): warning C4244: 'argument': conversion from 'int' to 'float', possible loss of data
     1>e:\opticalflowtrackers-finalprojectbrownsvilleteam\lkttracker\lkttracker\SIFT.h(244): warning C4244: 'argument': conversion from 'int' to 'float', possible loss of data
     1>e:\opticalflowtrackers-finalprojectbrownsvilleteam\lkttracker\lkttracker\SIFT.h(285): warning C4267: 'initializing': conversion from 'size_t' to 'long', possible loss of data
     1>e:\opticalflowtrackers-finalprojectbrownsvilleteam\lkttracker\lkttracker\SIFT.h(440): warning C4267: 'initializing': conversion from 'size_t' to 'long', possible loss of data
     1>e:\opticalflowtrackers-finalprojectbrownsvilleteam\lkttracker\lkttracker\SIFT.h(464): warning C4244: 'argument': conversion from 'int' to 'float', possible loss of data
     1>e:\opticalflowtrackers-finalprojectbrownsvilleteam\lkttracker\lkttracker\SIFT.h(465): warning C4244: 'argument': conversion from 'int' to 'float', possible loss of data
     1>e:\opticalflowtrackers-finalprojectbrownsvilleteam\lkttracker\lkttracker\Akaze.h(134): warning C4244: 'argument': conversion from 'int' to 'float', possible loss of data
     1>e:\opticalflowtrackers-finalprojectbrownsvilleteam\lkttracker\lkttracker\Akaze.h(135): warning C4244: 'argument': conversion from 'int' to 'float', possible loss of data
     1>Source.cpp(60): warning C4305: 'initializing': truncation from 'double' to 'float'
     1>Source.cpp(217): warning C4244: 'argument': conversion from 'double' to 'int', possible loss of data
     1>Source.cpp(280): warning C4244: '=': conversion from 'float' to 'int', possible loss of data
     1>Source.cpp(281): warning C4244: '=': conversion from 'float' to 'int', possible loss of data
     1>Source.cpp(282): warning C4244: '=': conversion from 'float' to 'int', possible loss of data
     1>Source.cpp(283): warning C4244: '=': conversion from 'float' to 'int', possible loss of data
     1>Source.cpp(353): warning C4244: '=': conversion from 'float' to 'int', possible loss of data
     1>Source.cpp(354): warning C4244: '=': conversion from 'float' to 'int', possible loss of data
     1>Source.cpp(355): warning C4244: '=': conversion from 'float' to 'int', possible loss of data
     1>Source.cpp(356): warning C4244: '=': conversion from 'float' to 'int', possible loss of data
     1>Source.cpp(734): warning C4551: function call missing argument list
     1>Source.cpp(770): warning C4309: '=': truncation of constant value
     1>Source.cpp(807): warning C4101: 'secMaxArea': unreferenced local variable
       Link:
         C:\Program Files (x86)\Microsoft Visual Studio 14.0\VC\bin\x86_amd64\link.exe /ERRORREPORT:PROMPT /OUT:"E:\OpticalFlowTrackers-FinalProjectBrownsvilleTeam\LKTTracker\x64\Release\LKTTracker.exe" /INCREMENTAL:NO /NOLOGO /LIBPATH:"E:\opencv-3.1.0\opencv\install\x64\vc14\lib" opencv_core310.lib opencv_ts310.lib opencv_video310.lib opencv_videoio310.lib opencv_tracking310.lib opencv_flann310.lib opencv_highgui310.lib opencv_imgproc310.lib opencv_imgcodecs310.lib opencv_xfeatures2d310.lib opencv_features2d310.lib opencv_calib3d310.lib kernel32.lib user32.lib gdi32.lib winspool.lib comdlg32.lib advapi32.lib shell32.lib ole32.lib oleaut32.lib uuid.lib odbc32.lib odbccp32.lib /MANIFEST /MANIFESTUAC:"level='asInvoker' uiAccess='false'" /manifest:embed /Debug /PDB:"E:\OpticalFlowTrackers-FinalProjectBrownsvilleTeam\LKTTracker\x64\Release\LKTTracker.pdb" /SUBSYSTEM:CONSOLE /OPT:REF /OPT:ICF /LTCG:incremental /TLBID:1 /DYNAMICBASE /NXCOMPAT /IMPLIB:"E:\OpticalFlowTrackers-FinalProjectBrownsvilleTeam\LKTTracker\x64\Release\LKTTracker.lib" /MACHINE:X64 x64\Release\Source.obj
         Generating code
         0 of 877 functions ( 0.0%) were compiled, the rest were copied from previous compilation.
           0 functions were new in current compilation
           0 functions had inline decision re-evaluated but remain unchanged
         Finished generating code
         LKTTracker.vcxproj -> E:\OpticalFlowTrackers-FinalProjectBrownsvilleTeam\LKTTracker\x64\Release\LKTTracker.exe
     1>Done Building Project "E:\OpticalFlowTrackers-FinalProjectBrownsvilleTeam\LKTTracker\LKTTracker\LKTTracker.vcxproj" (Build target(s)).

Build succeeded.

Time Elapsed 00:00:02.74
